<?xml version="1.0" encoding="UTF-8"?>
<testng-results ignored="0" total="1" passed="1" failed="0" skipped="0">
  <reporter-output>
  </reporter-output>
  <suite started-at="2024-03-09T15:32:57 BDT" name="Default suite" finished-at="2024-03-09T15:35:59 BDT" duration-ms="182513">
    <groups>
    </groups>
    <test started-at="2024-03-09T15:32:57 BDT" name="Default test" finished-at="2024-03-09T15:35:59 BDT" duration-ms="182513">
      <class name="CNSTest.mainTest">
        <test-method is-config="true" signature="ExtentSetUp()[pri:0, instance:CNSTest.mainTest@6c6cb480]" started-at="2024-03-09T15:32:56 BDT" name="ExtentSetUp" finished-at="2024-03-09T15:32:57 BDT" duration-ms="630" status="PASS">
          <reporter-output>
          </reporter-output>
        </test-method> <!-- ExtentSetUp -->
        <test-method is-config="true" signature="setUp()[pri:0, instance:CNSTest.mainTest@6c6cb480]" started-at="2024-03-09T15:32:57 BDT" name="setUp" finished-at="2024-03-09T15:33:03 BDT" duration-ms="6509" status="PASS">
          <reporter-output>
          </reporter-output>
        </test-method> <!-- setUp -->
        <test-method signature="CN14_2024()[pri:0, instance:CNSTest.mainTest@6c6cb480]" started-at="2024-03-09T15:33:03 BDT" name="CN14_2024" finished-at="2024-03-09T15:35:59 BDT" duration-ms="175625" status="PASS">
          <reporter-output>
          </reporter-output>
        </test-method> <!-- CN14_2024 -->
        <test-method is-config="true" signature="tearDown1()[pri:0, instance:CNSTest.mainTest@6c6cb480]" started-at="2024-03-09T15:35:59 BDT" name="tearDown1" finished-at="2024-03-09T15:35:59 BDT" duration-ms="296" status="PASS">
          <reporter-output>
          </reporter-output>
        </test-method> <!-- tearDown1 -->
        <test-method is-config="true" signature="tearDwon()[pri:0, instance:CNSTest.mainTest@6c6cb480]" started-at="2024-03-09T15:35:59 BDT" name="tearDwon" finished-at="2024-03-09T15:36:00 BDT" duration-ms="813" status="PASS">
          <reporter-output>
          </reporter-output>
        </test-method> <!-- tearDwon -->
      </class> <!-- CNSTest.mainTest -->
    </test> <!-- Default test -->
  </suite> <!-- Default suite -->
</testng-results>
